2013/07/28 07:22:31 [error] [exception.CException] exception 'CException' with message 'Property "WallController.pageCaption" is not defined.' in /Users/usuario/Documents/Code/php/sponzor.me/yii/framework/base/CComponent.php:130
Stack trace:
#0 /Users/usuario/Documents/Code/php/sponzor.me/themes/jeto_style/views/layouts/column2.php(4): CComponent->__get('pageCaption')
#1 /Users/usuario/Documents/Code/php/sponzor.me/yii/framework/web/CBaseController.php(126): require('/Users/usuario/...')
#2 /Users/usuario/Documents/Code/php/sponzor.me/yii/framework/web/CBaseController.php(95): CBaseController->renderInternal('/Users/usuario/...', Array, true)
#3 /Users/usuario/Documents/Code/php/sponzor.me/yii/framework/web/CController.php(784): CBaseController->renderFile('/Users/usuario/...', Array, true)
#4 /Users/usuario/Documents/Code/php/sponzor.me/protected/controllers/WallController.php(128): CController->render('index', Array)
#5 /Users/usuario/Documents/Code/php/sponzor.me/yii/framework/web/actions/CInlineAction.php(49): WallController->actionIndex()
#6 /Users/usuario/Documents/Code/php/sponzor.me/yii/framework/web/CController.php(308): CInlineAction->runWithParams(Array)
#7 /Users/usuario/Documents/Code/php/sponzor.me/yii/framework/web/filters/CFilterChain.php(133): CController->runAction(Object(CInlineAction))
#8 /Users/usuario/Documents/Code/php/sponzor.me/yii/framework/web/filters/CFilter.php(40): CFilterChain->run()
#9 /Users/usuario/Documents/Code/php/sponzor.me/yii/framework/web/CController.php(1145): CFilter->filter(Object(CFilterChain))
#10 /Users/usuario/Documents/Code/php/sponzor.me/yii/framework/web/filters/CInlineFilter.php(58): CController->filterAccessControl(Object(CFilterChain))
#11 /Users/usuario/Documents/Code/php/sponzor.me/yii/framework/web/filters/CFilterChain.php(130): CInlineFilter->filter(Object(CFilterChain))
#12 /Users/usuario/Documents/Code/php/sponzor.me/yii/framework/web/CController.php(291): CFilterChain->run()
#13 /Users/usuario/Documents/Code/php/sponzor.me/yii/framework/web/CController.php(265): CController->runActionWithFilters(Object(CInlineAction), Array)
#14 /Users/usuario/Documents/Code/php/sponzor.me/yii/framework/web/CWebApplication.php(282): CController->run('')
#15 /Users/usuario/Documents/Code/php/sponzor.me/yii/framework/web/CWebApplication.php(141): CWebApplication->runController('wall')
#16 /Users/usuario/Documents/Code/php/sponzor.me/yii/framework/base/CApplication.php(169): CWebApplication->processRequest()
#17 /Users/usuario/Documents/Code/php/sponzor.me/index.php(12): CApplication->run()
#18 {main}
REQUEST_URI=/php/sponzor.me/wall
---
2013/07/28 07:22:52 [error] [exception.CException] exception 'CException' with message 'Property "WallController.pageCaption" is not defined.' in /Users/usuario/Documents/Code/php/sponzor.me/yii/framework/base/CComponent.php:130
Stack trace:
#0 /Users/usuario/Documents/Code/php/sponzor.me/themes/jeto_style/views/layouts/column2.php(4): CComponent->__get('pageCaption')
#1 /Users/usuario/Documents/Code/php/sponzor.me/yii/framework/web/CBaseController.php(126): require('/Users/usuario/...')
#2 /Users/usuario/Documents/Code/php/sponzor.me/yii/framework/web/CBaseController.php(95): CBaseController->renderInternal('/Users/usuario/...', Array, true)
#3 /Users/usuario/Documents/Code/php/sponzor.me/yii/framework/web/CController.php(784): CBaseController->renderFile('/Users/usuario/...', Array, true)
#4 /Users/usuario/Documents/Code/php/sponzor.me/protected/controllers/WallController.php(128): CController->render('index', Array)
#5 /Users/usuario/Documents/Code/php/sponzor.me/yii/framework/web/actions/CInlineAction.php(49): WallController->actionIndex()
#6 /Users/usuario/Documents/Code/php/sponzor.me/yii/framework/web/CController.php(308): CInlineAction->runWithParams(Array)
#7 /Users/usuario/Documents/Code/php/sponzor.me/yii/framework/web/filters/CFilterChain.php(133): CController->runAction(Object(CInlineAction))
#8 /Users/usuario/Documents/Code/php/sponzor.me/yii/framework/web/filters/CFilter.php(40): CFilterChain->run()
#9 /Users/usuario/Documents/Code/php/sponzor.me/yii/framework/web/CController.php(1145): CFilter->filter(Object(CFilterChain))
#10 /Users/usuario/Documents/Code/php/sponzor.me/yii/framework/web/filters/CInlineFilter.php(58): CController->filterAccessControl(Object(CFilterChain))
#11 /Users/usuario/Documents/Code/php/sponzor.me/yii/framework/web/filters/CFilterChain.php(130): CInlineFilter->filter(Object(CFilterChain))
#12 /Users/usuario/Documents/Code/php/sponzor.me/yii/framework/web/CController.php(291): CFilterChain->run()
#13 /Users/usuario/Documents/Code/php/sponzor.me/yii/framework/web/CController.php(265): CController->runActionWithFilters(Object(CInlineAction), Array)
#14 /Users/usuario/Documents/Code/php/sponzor.me/yii/framework/web/CWebApplication.php(282): CController->run('')
#15 /Users/usuario/Documents/Code/php/sponzor.me/yii/framework/web/CWebApplication.php(141): CWebApplication->runController('wall')
#16 /Users/usuario/Documents/Code/php/sponzor.me/yii/framework/base/CApplication.php(169): CWebApplication->processRequest()
#17 /Users/usuario/Documents/Code/php/sponzor.me/index.php(12): CApplication->run()
#18 {main}
REQUEST_URI=/php/sponzor.me/wall
---
2013/07/28 07:22:53 [error] [exception.CException] exception 'CException' with message 'Property "WallController.pageCaption" is not defined.' in /Users/usuario/Documents/Code/php/sponzor.me/yii/framework/base/CComponent.php:130
Stack trace:
#0 /Users/usuario/Documents/Code/php/sponzor.me/themes/jeto_style/views/layouts/column2.php(4): CComponent->__get('pageCaption')
#1 /Users/usuario/Documents/Code/php/sponzor.me/yii/framework/web/CBaseController.php(126): require('/Users/usuario/...')
#2 /Users/usuario/Documents/Code/php/sponzor.me/yii/framework/web/CBaseController.php(95): CBaseController->renderInternal('/Users/usuario/...', Array, true)
#3 /Users/usuario/Documents/Code/php/sponzor.me/yii/framework/web/CController.php(784): CBaseController->renderFile('/Users/usuario/...', Array, true)
#4 /Users/usuario/Documents/Code/php/sponzor.me/protected/controllers/WallController.php(128): CController->render('index', Array)
#5 /Users/usuario/Documents/Code/php/sponzor.me/yii/framework/web/actions/CInlineAction.php(49): WallController->actionIndex()
#6 /Users/usuario/Documents/Code/php/sponzor.me/yii/framework/web/CController.php(308): CInlineAction->runWithParams(Array)
#7 /Users/usuario/Documents/Code/php/sponzor.me/yii/framework/web/filters/CFilterChain.php(133): CController->runAction(Object(CInlineAction))
#8 /Users/usuario/Documents/Code/php/sponzor.me/yii/framework/web/filters/CFilter.php(40): CFilterChain->run()
#9 /Users/usuario/Documents/Code/php/sponzor.me/yii/framework/web/CController.php(1145): CFilter->filter(Object(CFilterChain))
#10 /Users/usuario/Documents/Code/php/sponzor.me/yii/framework/web/filters/CInlineFilter.php(58): CController->filterAccessControl(Object(CFilterChain))
#11 /Users/usuario/Documents/Code/php/sponzor.me/yii/framework/web/filters/CFilterChain.php(130): CInlineFilter->filter(Object(CFilterChain))
#12 /Users/usuario/Documents/Code/php/sponzor.me/yii/framework/web/CController.php(291): CFilterChain->run()
#13 /Users/usuario/Documents/Code/php/sponzor.me/yii/framework/web/CController.php(265): CController->runActionWithFilters(Object(CInlineAction), Array)
#14 /Users/usuario/Documents/Code/php/sponzor.me/yii/framework/web/CWebApplication.php(282): CController->run('')
#15 /Users/usuario/Documents/Code/php/sponzor.me/yii/framework/web/CWebApplication.php(141): CWebApplication->runController('wall')
#16 /Users/usuario/Documents/Code/php/sponzor.me/yii/framework/base/CApplication.php(169): CWebApplication->processRequest()
#17 /Users/usuario/Documents/Code/php/sponzor.me/index.php(12): CApplication->run()
#18 {main}
REQUEST_URI=/php/sponzor.me/wall
---
2013/07/28 07:23:58 [error] [exception.CException] exception 'CException' with message 'Property "WallController.pageCaption" is not defined.' in /Users/usuario/Documents/Code/php/sponzor.me/yii/framework/base/CComponent.php:130
Stack trace:
#0 /Users/usuario/Documents/Code/php/sponzor.me/themes/jeto_style/views/layouts/column2.php(4): CComponent->__get('pageCaption')
#1 /Users/usuario/Documents/Code/php/sponzor.me/yii/framework/web/CBaseController.php(126): require('/Users/usuario/...')
#2 /Users/usuario/Documents/Code/php/sponzor.me/yii/framework/web/CBaseController.php(95): CBaseController->renderInternal('/Users/usuario/...', Array, true)
#3 /Users/usuario/Documents/Code/php/sponzor.me/yii/framework/web/CController.php(784): CBaseController->renderFile('/Users/usuario/...', Array, true)
#4 /Users/usuario/Documents/Code/php/sponzor.me/protected/controllers/WallController.php(131): CController->render('index', Array)
#5 /Users/usuario/Documents/Code/php/sponzor.me/yii/framework/web/actions/CInlineAction.php(49): WallController->actionIndex()
#6 /Users/usuario/Documents/Code/php/sponzor.me/yii/framework/web/CController.php(308): CInlineAction->runWithParams(Array)
#7 /Users/usuario/Documents/Code/php/sponzor.me/yii/framework/web/filters/CFilterChain.php(133): CController->runAction(Object(CInlineAction))
#8 /Users/usuario/Documents/Code/php/sponzor.me/yii/framework/web/filters/CFilter.php(40): CFilterChain->run()
#9 /Users/usuario/Documents/Code/php/sponzor.me/yii/framework/web/CController.php(1145): CFilter->filter(Object(CFilterChain))
#10 /Users/usuario/Documents/Code/php/sponzor.me/yii/framework/web/filters/CInlineFilter.php(58): CController->filterAccessControl(Object(CFilterChain))
#11 /Users/usuario/Documents/Code/php/sponzor.me/yii/framework/web/filters/CFilterChain.php(130): CInlineFilter->filter(Object(CFilterChain))
#12 /Users/usuario/Documents/Code/php/sponzor.me/yii/framework/web/CController.php(291): CFilterChain->run()
#13 /Users/usuario/Documents/Code/php/sponzor.me/yii/framework/web/CController.php(265): CController->runActionWithFilters(Object(CInlineAction), Array)
#14 /Users/usuario/Documents/Code/php/sponzor.me/yii/framework/web/CWebApplication.php(282): CController->run('')
#15 /Users/usuario/Documents/Code/php/sponzor.me/yii/framework/web/CWebApplication.php(141): CWebApplication->runController('wall')
#16 /Users/usuario/Documents/Code/php/sponzor.me/yii/framework/base/CApplication.php(169): CWebApplication->processRequest()
#17 /Users/usuario/Documents/Code/php/sponzor.me/index.php(12): CApplication->run()
#18 {main}
REQUEST_URI=/php/sponzor.me/wall
---
2013/07/28 07:45:01 [error] [exception.CException] exception 'CException' with message 'Property "CWebApplication.usr" is not defined.' in /Users/usuario/Documents/Code/php/sponzor.me/yii/framework/base/CComponent.php:130
Stack trace:
#0 /Users/usuario/Documents/Code/php/sponzor.me/yii/framework/base/CModule.php(105): CComponent->__get('usr')
#1 /Users/usuario/Documents/Code/php/sponzor.me/protected/controllers/WallController.php(14): CModule->__get('usr')
#2 /Users/usuario/Documents/Code/php/sponzor.me/yii/framework/web/CWebApplication.php(281): WallController->init()
#3 /Users/usuario/Documents/Code/php/sponzor.me/yii/framework/web/CWebApplication.php(141): CWebApplication->runController('wall/create')
#4 /Users/usuario/Documents/Code/php/sponzor.me/yii/framework/base/CApplication.php(169): CWebApplication->processRequest()
#5 /Users/usuario/Documents/Code/php/sponzor.me/index.php(12): CApplication->run()
#6 {main}
REQUEST_URI=/php/sponzor.me/index.php/wall/create
HTTP_REFERER=http://localhost/php/sponzor.me/wall
---
2013/07/28 07:56:52 [error] [php] include(Upload.php): failed to open stream: No such file or directory (/Users/usuario/Documents/Code/php/sponzor.me/yii/framework/YiiBase.php:421)
Stack trace:
#0 /Users/usuario/Documents/Code/php/sponzor.me/protected/controllers/WallController.php(12): spl_autoload_call()
#1 /Users/usuario/Documents/Code/php/sponzor.me/yii/framework/web/CWebApplication.php(281): WallController->init()
#2 /Users/usuario/Documents/Code/php/sponzor.me/yii/framework/web/CWebApplication.php(141): CWebApplication->runController()
#3 /Users/usuario/Documents/Code/php/sponzor.me/yii/framework/base/CApplication.php(169): CWebApplication->processRequest()
#4 /Users/usuario/Documents/Code/php/sponzor.me/index.php(12): CWebApplication->run()
REQUEST_URI=/php/sponzor.me/index.php/wall/create
in /Users/usuario/Documents/Code/php/sponzor.me/protected/controllers/WallController.php (12)
in /Users/usuario/Documents/Code/php/sponzor.me/index.php (12)
2013/07/28 07:58:00 [error] [php] include(Upload.php): failed to open stream: No such file or directory (/Users/usuario/Documents/Code/php/sponzor.me/yii/framework/YiiBase.php:421)
Stack trace:
#0 /Users/usuario/Documents/Code/php/sponzor.me/protected/controllers/WallController.php(12): spl_autoload_call()
#1 /Users/usuario/Documents/Code/php/sponzor.me/yii/framework/web/CWebApplication.php(281): WallController->init()
#2 /Users/usuario/Documents/Code/php/sponzor.me/yii/framework/web/CWebApplication.php(141): CWebApplication->runController()
#3 /Users/usuario/Documents/Code/php/sponzor.me/yii/framework/base/CApplication.php(169): CWebApplication->processRequest()
#4 /Users/usuario/Documents/Code/php/sponzor.me/index.php(12): CWebApplication->run()
REQUEST_URI=/php/sponzor.me/index.php/wall/create
in /Users/usuario/Documents/Code/php/sponzor.me/protected/controllers/WallController.php (12)
in /Users/usuario/Documents/Code/php/sponzor.me/index.php (12)
2013/07/28 07:58:01 [error] [php] include(Upload.php): failed to open stream: No such file or directory (/Users/usuario/Documents/Code/php/sponzor.me/yii/framework/YiiBase.php:421)
Stack trace:
#0 /Users/usuario/Documents/Code/php/sponzor.me/protected/controllers/WallController.php(12): spl_autoload_call()
#1 /Users/usuario/Documents/Code/php/sponzor.me/yii/framework/web/CWebApplication.php(281): WallController->init()
#2 /Users/usuario/Documents/Code/php/sponzor.me/yii/framework/web/CWebApplication.php(141): CWebApplication->runController()
#3 /Users/usuario/Documents/Code/php/sponzor.me/yii/framework/base/CApplication.php(169): CWebApplication->processRequest()
#4 /Users/usuario/Documents/Code/php/sponzor.me/index.php(12): CWebApplication->run()
REQUEST_URI=/php/sponzor.me/index.php/wall/create
in /Users/usuario/Documents/Code/php/sponzor.me/protected/controllers/WallController.php (12)
in /Users/usuario/Documents/Code/php/sponzor.me/index.php (12)
2013/07/28 07:58:08 [error] [php] include(Upload.php): failed to open stream: No such file or directory (/Users/usuario/Documents/Code/php/sponzor.me/yii/framework/YiiBase.php:421)
Stack trace:
#0 /Users/usuario/Documents/Code/php/sponzor.me/protected/controllers/WallController.php(12): spl_autoload_call()
#1 /Users/usuario/Documents/Code/php/sponzor.me/yii/framework/web/CWebApplication.php(281): WallController->init()
#2 /Users/usuario/Documents/Code/php/sponzor.me/yii/framework/web/CWebApplication.php(141): CWebApplication->runController()
#3 /Users/usuario/Documents/Code/php/sponzor.me/yii/framework/base/CApplication.php(169): CWebApplication->processRequest()
#4 /Users/usuario/Documents/Code/php/sponzor.me/index.php(12): CWebApplication->run()
REQUEST_URI=/php/sponzor.me/index.php/wall/create
in /Users/usuario/Documents/Code/php/sponzor.me/protected/controllers/WallController.php (12)
in /Users/usuario/Documents/Code/php/sponzor.me/index.php (12)
2013/07/28 07:58:14 [error] [php] include(Upload.php): failed to open stream: No such file or directory (/Users/usuario/Documents/Code/php/sponzor.me/yii/framework/YiiBase.php:421)
Stack trace:
#0 /Users/usuario/Documents/Code/php/sponzor.me/protected/controllers/WallController.php(12): spl_autoload_call()
#1 /Users/usuario/Documents/Code/php/sponzor.me/yii/framework/web/CWebApplication.php(281): WallController->init()
#2 /Users/usuario/Documents/Code/php/sponzor.me/yii/framework/web/CWebApplication.php(141): CWebApplication->runController()
#3 /Users/usuario/Documents/Code/php/sponzor.me/yii/framework/base/CApplication.php(169): CWebApplication->processRequest()
#4 /Users/usuario/Documents/Code/php/sponzor.me/index.php(12): CWebApplication->run()
REQUEST_URI=/php/sponzor.me/index.php/wall/create
in /Users/usuario/Documents/Code/php/sponzor.me/protected/controllers/WallController.php (12)
in /Users/usuario/Documents/Code/php/sponzor.me/index.php (12)
2013/07/28 07:58:15 [error] [php] include(Upload.php): failed to open stream: No such file or directory (/Users/usuario/Documents/Code/php/sponzor.me/yii/framework/YiiBase.php:421)
Stack trace:
#0 /Users/usuario/Documents/Code/php/sponzor.me/protected/controllers/WallController.php(12): spl_autoload_call()
#1 /Users/usuario/Documents/Code/php/sponzor.me/yii/framework/web/CWebApplication.php(281): WallController->init()
#2 /Users/usuario/Documents/Code/php/sponzor.me/yii/framework/web/CWebApplication.php(141): CWebApplication->runController()
#3 /Users/usuario/Documents/Code/php/sponzor.me/yii/framework/base/CApplication.php(169): CWebApplication->processRequest()
#4 /Users/usuario/Documents/Code/php/sponzor.me/index.php(12): CWebApplication->run()
REQUEST_URI=/php/sponzor.me/index.php/wall/create
in /Users/usuario/Documents/Code/php/sponzor.me/protected/controllers/WallController.php (12)
in /Users/usuario/Documents/Code/php/sponzor.me/index.php (12)
2013/07/28 07:59:28 [error] [php] include(Upload.php): failed to open stream: No such file or directory (/Users/usuario/Documents/Code/php/sponzor.me/yii/framework/YiiBase.php:421)
Stack trace:
#0 /Users/usuario/Documents/Code/php/sponzor.me/protected/controllers/WallController.php(12): spl_autoload_call()
#1 /Users/usuario/Documents/Code/php/sponzor.me/yii/framework/web/CWebApplication.php(281): WallController->init()
#2 /Users/usuario/Documents/Code/php/sponzor.me/yii/framework/web/CWebApplication.php(141): CWebApplication->runController()
#3 /Users/usuario/Documents/Code/php/sponzor.me/yii/framework/base/CApplication.php(169): CWebApplication->processRequest()
#4 /Users/usuario/Documents/Code/php/sponzor.me/index.php(12): CWebApplication->run()
REQUEST_URI=/php/sponzor.me/index.php/wall/create
in /Users/usuario/Documents/Code/php/sponzor.me/protected/controllers/WallController.php (12)
in /Users/usuario/Documents/Code/php/sponzor.me/index.php (12)
2013/07/28 07:59:29 [error] [php] include(Upload.php): failed to open stream: No such file or directory (/Users/usuario/Documents/Code/php/sponzor.me/yii/framework/YiiBase.php:421)
Stack trace:
#0 /Users/usuario/Documents/Code/php/sponzor.me/protected/controllers/WallController.php(12): spl_autoload_call()
#1 /Users/usuario/Documents/Code/php/sponzor.me/yii/framework/web/CWebApplication.php(281): WallController->init()
#2 /Users/usuario/Documents/Code/php/sponzor.me/yii/framework/web/CWebApplication.php(141): CWebApplication->runController()
#3 /Users/usuario/Documents/Code/php/sponzor.me/yii/framework/base/CApplication.php(169): CWebApplication->processRequest()
#4 /Users/usuario/Documents/Code/php/sponzor.me/index.php(12): CWebApplication->run()
REQUEST_URI=/php/sponzor.me/index.php/wall/create
in /Users/usuario/Documents/Code/php/sponzor.me/protected/controllers/WallController.php (12)
in /Users/usuario/Documents/Code/php/sponzor.me/index.php (12)
2013/07/28 08:00:05 [error] [php] include(Upload.php): failed to open stream: No such file or directory (/Users/usuario/Documents/Code/php/sponzor.me/yii/framework/YiiBase.php:421)
Stack trace:
#0 /Users/usuario/Documents/Code/php/sponzor.me/protected/controllers/WallController.php(12): spl_autoload_call()
#1 /Users/usuario/Documents/Code/php/sponzor.me/yii/framework/web/CWebApplication.php(281): WallController->init()
#2 /Users/usuario/Documents/Code/php/sponzor.me/yii/framework/web/CWebApplication.php(141): CWebApplication->runController()
#3 /Users/usuario/Documents/Code/php/sponzor.me/yii/framework/base/CApplication.php(169): CWebApplication->processRequest()
#4 /Users/usuario/Documents/Code/php/sponzor.me/index.php(12): CWebApplication->run()
REQUEST_URI=/php/sponzor.me/index.php/wall/create
in /Users/usuario/Documents/Code/php/sponzor.me/protected/controllers/WallController.php (12)
in /Users/usuario/Documents/Code/php/sponzor.me/index.php (12)
2013/07/28 08:00:39 [error] [php] include(Upload.php): failed to open stream: No such file or directory (/Users/usuario/Documents/Code/php/sponzor.me/yii/framework/YiiBase.php:421)
Stack trace:
#0 /Users/usuario/Documents/Code/php/sponzor.me/protected/controllers/WallController.php(12): spl_autoload_call()
#1 /Users/usuario/Documents/Code/php/sponzor.me/yii/framework/web/CWebApplication.php(281): WallController->init()
#2 /Users/usuario/Documents/Code/php/sponzor.me/yii/framework/web/CWebApplication.php(141): CWebApplication->runController()
#3 /Users/usuario/Documents/Code/php/sponzor.me/yii/framework/base/CApplication.php(169): CWebApplication->processRequest()
#4 /Users/usuario/Documents/Code/php/sponzor.me/index.php(12): CWebApplication->run()
REQUEST_URI=/php/sponzor.me/index.php/wall/create
in /Users/usuario/Documents/Code/php/sponzor.me/protected/controllers/WallController.php (12)
in /Users/usuario/Documents/Code/php/sponzor.me/index.php (12)
2013/07/28 08:01:26 [error] [php] include(Upload.php): failed to open stream: No such file or directory (/Users/usuario/Documents/Code/php/sponzor.me/yii/framework/YiiBase.php:421)
Stack trace:
#0 /Users/usuario/Documents/Code/php/sponzor.me/protected/controllers/WallController.php(12): spl_autoload_call()
#1 /Users/usuario/Documents/Code/php/sponzor.me/yii/framework/web/CWebApplication.php(281): WallController->init()
#2 /Users/usuario/Documents/Code/php/sponzor.me/yii/framework/web/CWebApplication.php(141): CWebApplication->runController()
#3 /Users/usuario/Documents/Code/php/sponzor.me/yii/framework/base/CApplication.php(169): CWebApplication->processRequest()
#4 /Users/usuario/Documents/Code/php/sponzor.me/index.php(12): CWebApplication->run()
REQUEST_URI=/php/sponzor.me/index.php/wall/create
in /Users/usuario/Documents/Code/php/sponzor.me/protected/controllers/WallController.php (12)
in /Users/usuario/Documents/Code/php/sponzor.me/index.php (12)
2013/07/28 08:02:52 [error] [php] include(Upload.php): failed to open stream: No such file or directory (/Users/usuario/Documents/Code/php/sponzor.me/yii/framework/YiiBase.php:421)
Stack trace:
#0 /Users/usuario/Documents/Code/php/sponzor.me/protected/controllers/WallController.php(16): spl_autoload_call()
#1 /Users/usuario/Documents/Code/php/sponzor.me/yii/framework/web/CWebApplication.php(281): WallController->init()
#2 /Users/usuario/Documents/Code/php/sponzor.me/yii/framework/web/CWebApplication.php(141): CWebApplication->runController()
#3 /Users/usuario/Documents/Code/php/sponzor.me/yii/framework/base/CApplication.php(169): CWebApplication->processRequest()
#4 /Users/usuario/Documents/Code/php/sponzor.me/index.php(12): CWebApplication->run()
REQUEST_URI=/php/sponzor.me/index.php/wall/create
in /Users/usuario/Documents/Code/php/sponzor.me/protected/controllers/WallController.php (16)
in /Users/usuario/Documents/Code/php/sponzor.me/index.php (12)
2013/07/28 08:03:16 [error] [php] Missing argument 1 for Upload::upload(), called in /Users/usuario/Documents/Code/php/sponzor.me/protected/controllers/WallController.php on line 13 and defined (/Users/usuario/Documents/Code/php/sponzor.me/protected/extensions/Upload.php:2423)
Stack trace:
#0 /Users/usuario/Documents/Code/php/sponzor.me/yii/framework/web/CWebApplication.php(141): CWebApplication->runController()
#1 /Users/usuario/Documents/Code/php/sponzor.me/yii/framework/base/CApplication.php(169): CWebApplication->processRequest()
#2 /Users/usuario/Documents/Code/php/sponzor.me/index.php(12): CWebApplication->run()
REQUEST_URI=/php/sponzor.me/index.php/wall/create
in /Users/usuario/Documents/Code/php/sponzor.me/protected/extensions/Upload.php (2423)
in /Users/usuario/Documents/Code/php/sponzor.me/protected/controllers/WallController.php (13)
in /Users/usuario/Documents/Code/php/sponzor.me/index.php (12)
2013/07/28 08:08:56 [error] [exception.CException] exception 'CException' with message 'CActiveForm and its behaviors do not have a method or closure named "text".' in /Users/usuario/Documents/Code/php/sponzor.me/yii/framework/base/CComponent.php:265
Stack trace:
#0 /Users/usuario/Documents/Code/php/sponzor.me/protected/views/wall/_form.php(25): CComponent->__call('text', Array)
#1 /Users/usuario/Documents/Code/php/sponzor.me/protected/views/wall/_form.php(25): CActiveForm->text(Object(Wall), 'text', Array)
#2 /Users/usuario/Documents/Code/php/sponzor.me/yii/framework/web/CBaseController.php(126): require('/Users/usuario/...')
#3 /Users/usuario/Documents/Code/php/sponzor.me/yii/framework/web/CBaseController.php(95): CBaseController->renderInternal('/Users/usuario/...', Array, true)
#4 /Users/usuario/Documents/Code/php/sponzor.me/yii/framework/web/CController.php(869): CBaseController->renderFile('/Users/usuario/...', Array, true)
#5 /Users/usuario/Documents/Code/php/sponzor.me/protected/views/wall/create.php(18): CController->renderPartial('_form', Array)
#6 /Users/usuario/Documents/Code/php/sponzor.me/yii/framework/web/CBaseController.php(126): require('/Users/usuario/...')
#7 /Users/usuario/Documents/Code/php/sponzor.me/yii/framework/web/CBaseController.php(95): CBaseController->renderInternal('/Users/usuario/...', Array, true)
#8 /Users/usuario/Documents/Code/php/sponzor.me/yii/framework/web/CController.php(869): CBaseController->renderFile('/Users/usuario/...', Array, true)
#9 /Users/usuario/Documents/Code/php/sponzor.me/yii/framework/web/CController.php(782): CController->renderPartial('create', Array, true)
#10 /Users/usuario/Documents/Code/php/sponzor.me/protected/controllers/WallController.php(90): CController->render('create', Array)
#11 /Users/usuario/Documents/Code/php/sponzor.me/yii/framework/web/actions/CInlineAction.php(49): WallController->actionCreate()
#12 /Users/usuario/Documents/Code/php/sponzor.me/yii/framework/web/CController.php(308): CInlineAction->runWithParams(Array)
#13 /Users/usuario/Documents/Code/php/sponzor.me/yii/framework/web/filters/CFilterChain.php(133): CController->runAction(Object(CInlineAction))
#14 /Users/usuario/Documents/Code/php/sponzor.me/yii/framework/web/filters/CFilter.php(40): CFilterChain->run()
#15 /Users/usuario/Documents/Code/php/sponzor.me/yii/framework/web/CController.php(1145): CFilter->filter(Object(CFilterChain))
#16 /Users/usuario/Documents/Code/php/sponzor.me/yii/framework/web/filters/CInlineFilter.php(58): CController->filterAccessControl(Object(CFilterChain))
#17 /Users/usuario/Documents/Code/php/sponzor.me/yii/framework/web/filters/CFilterChain.php(130): CInlineFilter->filter(Object(CFilterChain))
#18 /Users/usuario/Documents/Code/php/sponzor.me/yii/framework/web/CController.php(291): CFilterChain->run()
#19 /Users/usuario/Documents/Code/php/sponzor.me/yii/framework/web/CController.php(265): CController->runActionWithFilters(Object(CInlineAction), Array)
#20 /Users/usuario/Documents/Code/php/sponzor.me/yii/framework/web/CWebApplication.php(282): CController->run('create')
#21 /Users/usuario/Documents/Code/php/sponzor.me/yii/framework/web/CWebApplication.php(141): CWebApplication->runController('wall/create')
#22 /Users/usuario/Documents/Code/php/sponzor.me/yii/framework/base/CApplication.php(169): CWebApplication->processRequest()
#23 /Users/usuario/Documents/Code/php/sponzor.me/index.php(12): CApplication->run()
#24 {main}
REQUEST_URI=/php/sponzor.me/index.php/wall/create
HTTP_REFERER=http://localhost/php/sponzor.me/wall
---
2013/07/28 08:11:13 [error] [php] Array to string conversion (/Users/usuario/Documents/Code/php/sponzor.me/yii/framework/db/schema/CDbColumnSchema.php:146)
Stack trace:
#0 /Users/usuario/Documents/Code/php/sponzor.me/yii/framework/db/ar/CActiveRecord.php(795): Wall->insert()
#1 /Users/usuario/Documents/Code/php/sponzor.me/protected/controllers/WallController.php(83): Wall->save()
#2 /Users/usuario/Documents/Code/php/sponzor.me/yii/framework/web/actions/CInlineAction.php(49): WallController->actionCreate()
#3 /Users/usuario/Documents/Code/php/sponzor.me/yii/framework/web/CController.php(308): CInlineAction->runWithParams()
#4 /Users/usuario/Documents/Code/php/sponzor.me/yii/framework/web/filters/CFilterChain.php(133): WallController->runAction()
#5 /Users/usuario/Documents/Code/php/sponzor.me/yii/framework/web/filters/CFilter.php(40): CFilterChain->run()
#6 /Users/usuario/Documents/Code/php/sponzor.me/yii/framework/web/CController.php(1145): CAccessControlFilter->filter()
#7 /Users/usuario/Documents/Code/php/sponzor.me/yii/framework/web/filters/CInlineFilter.php(58): WallController->filterAccessControl()
#8 /Users/usuario/Documents/Code/php/sponzor.me/yii/framework/web/filters/CFilterChain.php(130): CInlineFilter->filter()
#9 /Users/usuario/Documents/Code/php/sponzor.me/yii/framework/web/CController.php(291): CFilterChain->run()
#10 /Users/usuario/Documents/Code/php/sponzor.me/yii/framework/web/CController.php(265): WallController->runActionWithFilters()
#11 /Users/usuario/Documents/Code/php/sponzor.me/yii/framework/web/CWebApplication.php(282): WallController->run()
#12 /Users/usuario/Documents/Code/php/sponzor.me/yii/framework/web/CWebApplication.php(141): CWebApplication->runController()
#13 /Users/usuario/Documents/Code/php/sponzor.me/yii/framework/base/CApplication.php(169): CWebApplication->processRequest()
#14 /Users/usuario/Documents/Code/php/sponzor.me/index.php(12): CWebApplication->run()
REQUEST_URI=/php/sponzor.me/index.php/wall/create
in /Users/usuario/Documents/Code/php/sponzor.me/protected/controllers/WallController.php (83)
in /Users/usuario/Documents/Code/php/sponzor.me/index.php (12)
2013/07/28 08:14:45 [error] [php] Declaration of Wall::save() should be compatible with CActiveRecord::save($runValidation = true, $attributes = NULL) (/Users/usuario/Documents/Code/php/sponzor.me/protected/models/Wall.php:17)
Stack trace:
#0 /Users/usuario/Documents/Code/php/sponzor.me/protected/controllers/WallController.php(73): spl_autoload_call()
#1 /Users/usuario/Documents/Code/php/sponzor.me/yii/framework/web/actions/CInlineAction.php(49): WallController->actionCreate()
#2 /Users/usuario/Documents/Code/php/sponzor.me/yii/framework/web/CController.php(308): CInlineAction->runWithParams()
#3 /Users/usuario/Documents/Code/php/sponzor.me/yii/framework/web/filters/CFilterChain.php(133): WallController->runAction()
#4 /Users/usuario/Documents/Code/php/sponzor.me/yii/framework/web/filters/CFilter.php(40): CFilterChain->run()
#5 /Users/usuario/Documents/Code/php/sponzor.me/yii/framework/web/CController.php(1145): CAccessControlFilter->filter()
#6 /Users/usuario/Documents/Code/php/sponzor.me/yii/framework/web/filters/CInlineFilter.php(58): WallController->filterAccessControl()
#7 /Users/usuario/Documents/Code/php/sponzor.me/yii/framework/web/filters/CFilterChain.php(130): CInlineFilter->filter()
#8 /Users/usuario/Documents/Code/php/sponzor.me/yii/framework/web/CController.php(291): CFilterChain->run()
#9 /Users/usuario/Documents/Code/php/sponzor.me/yii/framework/web/CController.php(265): WallController->runActionWithFilters()
#10 /Users/usuario/Documents/Code/php/sponzor.me/yii/framework/web/CWebApplication.php(282): WallController->run()
#11 /Users/usuario/Documents/Code/php/sponzor.me/yii/framework/web/CWebApplication.php(141): CWebApplication->runController()
#12 /Users/usuario/Documents/Code/php/sponzor.me/yii/framework/base/CApplication.php(169): CWebApplication->processRequest()
#13 /Users/usuario/Documents/Code/php/sponzor.me/index.php(12): CWebApplication->run()
REQUEST_URI=/php/sponzor.me/index.php/wall/create
in /Users/usuario/Documents/Code/php/sponzor.me/protected/models/Wall.php (17)
in /Users/usuario/Documents/Code/php/sponzor.me/protected/controllers/WallController.php (73)
in /Users/usuario/Documents/Code/php/sponzor.me/index.php (12)
2013/07/28 08:26:18 [error] [exception.CException] exception 'CException' with message 'Property "Upload.errors" is not defined.' in /Users/usuario/Documents/Code/php/sponzor.me/yii/framework/base/CComponent.php:130
Stack trace:
#0 /Users/usuario/Documents/Code/php/sponzor.me/protected/models/Wall.php(131): CComponent->__get('errors')
#1 /Users/usuario/Documents/Code/php/sponzor.me/protected/controllers/WallController.php(83): Wall->save()
#2 /Users/usuario/Documents/Code/php/sponzor.me/yii/framework/web/actions/CInlineAction.php(49): WallController->actionCreate()
#3 /Users/usuario/Documents/Code/php/sponzor.me/yii/framework/web/CController.php(308): CInlineAction->runWithParams(Array)
#4 /Users/usuario/Documents/Code/php/sponzor.me/yii/framework/web/filters/CFilterChain.php(133): CController->runAction(Object(CInlineAction))
#5 /Users/usuario/Documents/Code/php/sponzor.me/yii/framework/web/filters/CFilter.php(40): CFilterChain->run()
#6 /Users/usuario/Documents/Code/php/sponzor.me/yii/framework/web/CController.php(1145): CFilter->filter(Object(CFilterChain))
#7 /Users/usuario/Documents/Code/php/sponzor.me/yii/framework/web/filters/CInlineFilter.php(58): CController->filterAccessControl(Object(CFilterChain))
#8 /Users/usuario/Documents/Code/php/sponzor.me/yii/framework/web/filters/CFilterChain.php(130): CInlineFilter->filter(Object(CFilterChain))
#9 /Users/usuario/Documents/Code/php/sponzor.me/yii/framework/web/CController.php(291): CFilterChain->run()
#10 /Users/usuario/Documents/Code/php/sponzor.me/yii/framework/web/CController.php(265): CController->runActionWithFilters(Object(CInlineAction), Array)
#11 /Users/usuario/Documents/Code/php/sponzor.me/yii/framework/web/CWebApplication.php(282): CController->run('create')
#12 /Users/usuario/Documents/Code/php/sponzor.me/yii/framework/web/CWebApplication.php(141): CWebApplication->runController('wall/create')
#13 /Users/usuario/Documents/Code/php/sponzor.me/yii/framework/base/CApplication.php(169): CWebApplication->processRequest()
#14 /Users/usuario/Documents/Code/php/sponzor.me/index.php(12): CApplication->run()
#15 {main}
REQUEST_URI=/php/sponzor.me/index.php/wall/create
HTTP_REFERER=http://localhost/php/sponzor.me/index.php/wall/create
---
2013/07/28 08:26:51 [error] [exception.CException] exception 'CException' with message 'Property "Upload.errors" is not defined.' in /Users/usuario/Documents/Code/php/sponzor.me/yii/framework/base/CComponent.php:130
Stack trace:
#0 /Users/usuario/Documents/Code/php/sponzor.me/protected/models/Wall.php(135): CComponent->__get('errors')
#1 /Users/usuario/Documents/Code/php/sponzor.me/protected/controllers/WallController.php(83): Wall->save()
#2 /Users/usuario/Documents/Code/php/sponzor.me/yii/framework/web/actions/CInlineAction.php(49): WallController->actionCreate()
#3 /Users/usuario/Documents/Code/php/sponzor.me/yii/framework/web/CController.php(308): CInlineAction->runWithParams(Array)
#4 /Users/usuario/Documents/Code/php/sponzor.me/yii/framework/web/filters/CFilterChain.php(133): CController->runAction(Object(CInlineAction))
#5 /Users/usuario/Documents/Code/php/sponzor.me/yii/framework/web/filters/CFilter.php(40): CFilterChain->run()
#6 /Users/usuario/Documents/Code/php/sponzor.me/yii/framework/web/CController.php(1145): CFilter->filter(Object(CFilterChain))
#7 /Users/usuario/Documents/Code/php/sponzor.me/yii/framework/web/filters/CInlineFilter.php(58): CController->filterAccessControl(Object(CFilterChain))
#8 /Users/usuario/Documents/Code/php/sponzor.me/yii/framework/web/filters/CFilterChain.php(130): CInlineFilter->filter(Object(CFilterChain))
#9 /Users/usuario/Documents/Code/php/sponzor.me/yii/framework/web/CController.php(291): CFilterChain->run()
#10 /Users/usuario/Documents/Code/php/sponzor.me/yii/framework/web/CController.php(265): CController->runActionWithFilters(Object(CInlineAction), Array)
#11 /Users/usuario/Documents/Code/php/sponzor.me/yii/framework/web/CWebApplication.php(282): CController->run('create')
#12 /Users/usuario/Documents/Code/php/sponzor.me/yii/framework/web/CWebApplication.php(141): CWebApplication->runController('wall/create')
#13 /Users/usuario/Documents/Code/php/sponzor.me/yii/framework/base/CApplication.php(169): CWebApplication->processRequest()
#14 /Users/usuario/Documents/Code/php/sponzor.me/index.php(12): CApplication->run()
#15 {main}
REQUEST_URI=/php/sponzor.me/index.php/wall/create
HTTP_REFERER=http://localhost/php/sponzor.me/index.php/wall/create
---
2013/07/28 08:29:05 [error] [php] include(S3.php): failed to open stream: No such file or directory (/Users/usuario/Documents/Code/php/sponzor.me/yii/framework/YiiBase.php:421)
Stack trace:
#0 /Users/usuario/Documents/Code/php/sponzor.me/protected/extensions/s3/ES3.php(38): spl_autoload_call()
#1 /Users/usuario/Documents/Code/php/sponzor.me/protected/extensions/s3/ES3.php(26): ES3->connect()
#2 /Users/usuario/Documents/Code/php/sponzor.me/protected/extensions/s3/ES3.php(49): ES3->getInstance()
#3 /Users/usuario/Documents/Code/php/sponzor.me/protected/models/Wall.php(135): ES3->upload()
#4 /Users/usuario/Documents/Code/php/sponzor.me/protected/controllers/WallController.php(83): Wall->save()
#5 /Users/usuario/Documents/Code/php/sponzor.me/yii/framework/web/actions/CInlineAction.php(49): WallController->actionCreate()
#6 /Users/usuario/Documents/Code/php/sponzor.me/yii/framework/web/CController.php(308): CInlineAction->runWithParams()
#7 /Users/usuario/Documents/Code/php/sponzor.me/yii/framework/web/filters/CFilterChain.php(133): WallController->runAction()
#8 /Users/usuario/Documents/Code/php/sponzor.me/yii/framework/web/filters/CFilter.php(40): CFilterChain->run()
#9 /Users/usuario/Documents/Code/php/sponzor.me/yii/framework/web/CController.php(1145): CAccessControlFilter->filter()
#10 /Users/usuario/Documents/Code/php/sponzor.me/yii/framework/web/filters/CInlineFilter.php(58): WallController->filterAccessControl()
#11 /Users/usuario/Documents/Code/php/sponzor.me/yii/framework/web/filters/CFilterChain.php(130): CInlineFilter->filter()
#12 /Users/usuario/Documents/Code/php/sponzor.me/yii/framework/web/CController.php(291): CFilterChain->run()
#13 /Users/usuario/Documents/Code/php/sponzor.me/yii/framework/web/CController.php(265): WallController->runActionWithFilters()
#14 /Users/usuario/Documents/Code/php/sponzor.me/yii/framework/web/CWebApplication.php(282): WallController->run()
#15 /Users/usuario/Documents/Code/php/sponzor.me/yii/framework/web/CWebApplication.php(141): CWebApplication->runController()
#16 /Users/usuario/Documents/Code/php/sponzor.me/yii/framework/base/CApplication.php(169): CWebApplication->processRequest()
#17 /Users/usuario/Documents/Code/php/sponzor.me/index.php(12): CWebApplication->run()
REQUEST_URI=/php/sponzor.me/index.php/wall/create
in /Users/usuario/Documents/Code/php/sponzor.me/protected/extensions/s3/ES3.php (38)
in /Users/usuario/Documents/Code/php/sponzor.me/protected/extensions/s3/ES3.php (26)
in /Users/usuario/Documents/Code/php/sponzor.me/protected/extensions/s3/ES3.php (49)
2013/07/28 08:35:16 [error] [php] include(S3.php): failed to open stream: No such file or directory (/Users/usuario/Documents/Code/php/sponzor.me/yii/framework/YiiBase.php:421)
Stack trace:
#0 /Users/usuario/Documents/Code/php/sponzor.me/protected/extensions/s3/ES3.php(38): spl_autoload_call()
#1 /Users/usuario/Documents/Code/php/sponzor.me/protected/extensions/s3/ES3.php(26): ES3->connect()
#2 /Users/usuario/Documents/Code/php/sponzor.me/protected/extensions/s3/ES3.php(49): ES3->getInstance()
#3 /Users/usuario/Documents/Code/php/sponzor.me/protected/models/Wall.php(135): ES3->upload()
#4 /Users/usuario/Documents/Code/php/sponzor.me/protected/controllers/WallController.php(83): Wall->save()
#5 /Users/usuario/Documents/Code/php/sponzor.me/yii/framework/web/actions/CInlineAction.php(49): WallController->actionCreate()
#6 /Users/usuario/Documents/Code/php/sponzor.me/yii/framework/web/CController.php(308): CInlineAction->runWithParams()
#7 /Users/usuario/Documents/Code/php/sponzor.me/yii/framework/web/filters/CFilterChain.php(133): WallController->runAction()
#8 /Users/usuario/Documents/Code/php/sponzor.me/yii/framework/web/filters/CFilter.php(40): CFilterChain->run()
#9 /Users/usuario/Documents/Code/php/sponzor.me/yii/framework/web/CController.php(1145): CAccessControlFilter->filter()
#10 /Users/usuario/Documents/Code/php/sponzor.me/yii/framework/web/filters/CInlineFilter.php(58): WallController->filterAccessControl()
#11 /Users/usuario/Documents/Code/php/sponzor.me/yii/framework/web/filters/CFilterChain.php(130): CInlineFilter->filter()
#12 /Users/usuario/Documents/Code/php/sponzor.me/yii/framework/web/CController.php(291): CFilterChain->run()
#13 /Users/usuario/Documents/Code/php/sponzor.me/yii/framework/web/CController.php(265): WallController->runActionWithFilters()
#14 /Users/usuario/Documents/Code/php/sponzor.me/yii/framework/web/CWebApplication.php(282): WallController->run()
#15 /Users/usuario/Documents/Code/php/sponzor.me/yii/framework/web/CWebApplication.php(141): CWebApplication->runController()
#16 /Users/usuario/Documents/Code/php/sponzor.me/yii/framework/base/CApplication.php(169): CWebApplication->processRequest()
#17 /Users/usuario/Documents/Code/php/sponzor.me/index.php(12): CWebApplication->run()
REQUEST_URI=/php/sponzor.me/index.php/wall/create
in /Users/usuario/Documents/Code/php/sponzor.me/protected/extensions/s3/ES3.php (38)
in /Users/usuario/Documents/Code/php/sponzor.me/protected/extensions/s3/ES3.php (26)
in /Users/usuario/Documents/Code/php/sponzor.me/protected/extensions/s3/ES3.php (49)
