2013/06/09 19:05:44 [error] [exception.CHttpException.404] exception 'CHttpException' with message 'Unable to resolve the request "site".' in /var/www/clients/client4/web7/web/yii/framework/web/CWebApplication.php:286
Stack trace:
#0 /var/www/clients/client4/web7/web/yii/framework/web/CWebApplication.php(141): CWebApplication->runController('')
#1 /var/www/clients/client4/web7/web/yii/framework/base/CApplication.php(169): CWebApplication->processRequest()
#2 /var/www/clients/client4/web7/web/index-test.php(13): CApplication->run()
#3 {main}
REQUEST_URI=/index-test.php
---
2013/06/09 19:06:03 [error] [exception.CHttpException.404] exception 'CHttpException' with message 'Unable to resolve the request "site/error".' in /var/www/clients/client4/web7/web/yii/framework/web/CWebApplication.php:286
Stack trace:
#0 /var/www/clients/client4/web7/web/yii/framework/web/CWebApplication.php(141): CWebApplication->runController('site/error')
#1 /var/www/clients/client4/web7/web/yii/framework/base/CApplication.php(169): CWebApplication->processRequest()
#2 /var/www/clients/client4/web7/web/index-test.php(13): CApplication->run()
#3 {main}
REQUEST_URI=/index-test.php/site/error
---
2013/06/09 19:06:07 [error] [exception.CHttpException.404] exception 'CHttpException' with message 'Unable to resolve the request "site/index".' in /var/www/clients/client4/web7/web/yii/framework/web/CWebApplication.php:286
Stack trace:
#0 /var/www/clients/client4/web7/web/yii/framework/web/CWebApplication.php(141): CWebApplication->runController('site/index')
#1 /var/www/clients/client4/web7/web/yii/framework/base/CApplication.php(169): CWebApplication->processRequest()
#2 /var/www/clients/client4/web7/web/index-test.php(13): CApplication->run()
#3 {main}
REQUEST_URI=/index-test.php/site/index
---
2013/06/09 19:07:24 [error] [exception.CHttpException.404] exception 'CHttpException' with message 'Unable to resolve the request "site".' in /var/www/clients/client4/web7/web/yii/framework/web/CWebApplication.php:286
Stack trace:
#0 /var/www/clients/client4/web7/web/yii/framework/web/CWebApplication.php(141): CWebApplication->runController('')
#1 /var/www/clients/client4/web7/web/yii/framework/base/CApplication.php(169): CWebApplication->processRequest()
#2 /var/www/clients/client4/web7/web/index.php(12): CApplication->run()
#3 {main}
REQUEST_URI=/
---
2013/06/09 19:07:35 [error] [exception.CHttpException.404] exception 'CHttpException' with message 'Unable to resolve the request "site/index".' in /var/www/clients/client4/web7/web/yii/framework/web/CWebApplication.php:286
Stack trace:
#0 /var/www/clients/client4/web7/web/yii/framework/web/CWebApplication.php(141): CWebApplication->runController('site/index')
#1 /var/www/clients/client4/web7/web/yii/framework/base/CApplication.php(169): CWebApplication->processRequest()
#2 /var/www/clients/client4/web7/web/index-test.php(12): CApplication->run()
#3 {main}
REQUEST_URI=/index-test.php/site/index
---
2013/06/09 19:07:39 [error] [exception.CHttpException.404] exception 'CHttpException' with message 'Unable to resolve the request "site".' in /var/www/clients/client4/web7/web/yii/framework/web/CWebApplication.php:286
Stack trace:
#0 /var/www/clients/client4/web7/web/yii/framework/web/CWebApplication.php(141): CWebApplication->runController('')
#1 /var/www/clients/client4/web7/web/yii/framework/base/CApplication.php(169): CWebApplication->processRequest()
#2 /var/www/clients/client4/web7/web/index.php(12): CApplication->run()
#3 {main}
REQUEST_URI=/
---
2013/06/09 19:07:45 [error] [exception.CHttpException.404] exception 'CHttpException' with message 'Unable to resolve the request "site".' in /var/www/clients/client4/web7/web/yii/framework/web/CWebApplication.php:286
Stack trace:
#0 /var/www/clients/client4/web7/web/yii/framework/web/CWebApplication.php(141): CWebApplication->runController('')
#1 /var/www/clients/client4/web7/web/yii/framework/base/CApplication.php(169): CWebApplication->processRequest()
#2 /var/www/clients/client4/web7/web/index.php(12): CApplication->run()
#3 {main}
REQUEST_URI=/index.php
---
